# JRE version: OpenJDK Runtime Environment (11.0.13) (build 11.0.13+0-b1751.21-8125866)
# Java VM: OpenJDK 64-Bit Server VM (11.0.13+0-b1751.21-8125866, mixed mode, tiered, compressed oops, g1 gc, windows-amd64)
Heap:
 garbage-first heap   total 155648K, used 57976K [0x0000000080000000, 0x0000000100000000)
  region size 1024K, 11 young (11264K), 7 survivors (7168K)
 Metaspace       used 68612K, capacity 70265K, committed 70564K, reserved 1110016K
  class space    used 8610K, capacity 9226K, committed 9292K, reserved 1048576K
GC Heap History (20 events):
Event: 4.731 GC heap before
{Heap before GC invocations=4 (full 0):
 garbage-first heap   total 129024K, used 72462K [0x0000000080000000, 0x0000000100000000)
  region size 1024K, 57 young (58368K), 2 survivors (2048K)
 Metaspace       used 26639K, capacity 27271K, committed 27388K, reserved 1073152K
  class space    used 3444K, capacity 3638K, committed 3660K, reserved 1048576K
}
Event: 4.738 GC heap after
{Heap after GC invocations=5 (full 0):
 garbage-first heap   total 129024K, used 19098K [0x0000000080000000, 0x0000000100000000)
  region size 1024K, 4 young (4096K), 4 survivors (4096K)
 Metaspace       used 26639K, capacity 27271K, committed 27388K, reserved 1073152K
  class space    used 3444K, capacity 3638K, committed 3660K, reserved 1048576K
}
Event: 5.586 GC heap before
{Heap before GC invocations=5 (full 0):
 garbage-first heap   total 129024K, used 79514K [0x0000000080000000, 0x0000000100000000)
  region size 1024K, 64 young (65536K), 4 survivors (4096K)
 Metaspace       used 35155K, capacity 35937K, committed 35964K, reserved 1081344K
  class space    used 4509K, capacity 4806K, committed 4812K, reserved 1048576K
}
Event: 5.605 GC heap after
{Heap after GC invocations=6 (full 0):
 garbage-first heap   total 129024K, used 22556K [0x0000000080000000, 0x0000000100000000)
  region size 1024K, 7 young (7168K), 7 survivors (7168K)
 Metaspace       used 35155K, capacity 35937K, committed 35964K, reserved 1081344K
  class space    used 4509K, capacity 4806K, committed 4812K, reserved 1048576K
}
Event: 6.423 GC heap before
{Heap before GC invocations=7 (full 0):
 garbage-first heap   total 129024K, used 90140K [0x0000000080000000, 0x0000000100000000)
  region size 1024K, 70 young (71680K), 7 survivors (7168K)
 Metaspace       used 39925K, capacity 40832K, committed 40956K, reserved 1085440K
  class space    used 5046K, capacity 5407K, committed 5452K, reserved 1048576K
}
Event: 6.435 GC heap after
{Heap after GC invocations=8 (full 0):
 garbage-first heap   total 129024K, used 27750K [0x0000000080000000, 0x0000000100000000)
  region size 1024K, 9 young (9216K), 9 survivors (9216K)
 Metaspace       used 39925K, capacity 40832K, committed 40956K, reserved 1085440K
  class space    used 5046K, capacity 5407K, committed 5452K, reserved 1048576K
}
Event: 7.185 GC heap before
{Heap before GC invocations=8 (full 0):
 garbage-first heap   total 129024K, used 90214K [0x0000000080000000, 0x0000000100000000)
  region size 1024K, 70 young (71680K), 9 survivors (9216K)
 Metaspace       used 45654K, capacity 46718K, committed 46844K, reserved 1089536K
  class space    used 5789K, capacity 6188K, committed 6220K, reserved 1048576K
}
Event: 7.194 GC heap after
{Heap after GC invocations=9 (full 0):
 garbage-first heap   total 129024K, used 29765K [0x0000000080000000, 0x0000000100000000)
  region size 1024K, 3 young (3072K), 3 survivors (3072K)
 Metaspace       used 45654K, capacity 46718K, committed 46844K, reserved 1089536K
  class space    used 5789K, capacity 6188K, committed 6220K, reserved 1048576K
}
Event: 8.346 GC heap before
{Heap before GC invocations=9 (full 0):
 garbage-first heap   total 129024K, used 95301K [0x0000000080000000, 0x0000000100000000)
  region size 1024K, 66 young (67584K), 3 survivors (3072K)
 Metaspace       used 48786K, capacity 50068K, committed 50172K, reserved 1093632K
  class space    used 6166K, capacity 6631K, committed 6732K, reserved 1048576K
}
Event: 8.352 GC heap after
{Heap after GC invocations=10 (full 0):
 garbage-first heap   total 155648K, used 33061K [0x0000000080000000, 0x0000000100000000)
  region size 1024K, 5 young (5120K), 5 survivors (5120K)
 Metaspace       used 48786K, capacity 50068K, committed 50172K, reserved 1093632K
  class space    used 6166K, capacity 6631K, committed 6732K, reserved 1048576K
}
Event: 9.765 GC heap before
{Heap before GC invocations=10 (full 0):
 garbage-first heap   total 155648K, used 113957K [0x0000000080000000, 0x0000000100000000)
  region size 1024K, 81 young (82944K), 5 survivors (5120K)
 Metaspace       used 58074K, capacity 59462K, committed 59772K, reserved 1101824K
  class space    used 7260K, capacity 7774K, committed 7884K, reserved 1048576K
}
Event: 9.774 GC heap after
{Heap after GC invocations=11 (full 0):
 garbage-first heap   total 155648K, used 43352K [0x0000000080000000, 0x0000000100000000)
  region size 1024K, 11 young (11264K), 11 survivors (11264K)
 Metaspace       used 58074K, capacity 59462K, committed 59772K, reserved 1101824K
  class space    used 7260K, capacity 7774K, committed 7884K, reserved 1048576K
}
Event: 9.917 GC heap before
{Heap before GC invocations=11 (full 0):
 garbage-first heap   total 155648K, used 50520K [0x0000000080000000, 0x0000000100000000)
  region size 1024K, 19 young (19456K), 11 survivors (11264K)
 Metaspace       used 59077K, capacity 60449K, committed 60580K, reserved 1101824K
  class space    used 7403K, capacity 7934K, committed 8012K, reserved 1048576K
}
Event: 9.938 GC heap after
{Heap after GC invocations=12 (full 0):
 garbage-first heap   total 155648K, used 44861K [0x0000000080000000, 0x0000000100000000)
  region size 1024K, 2 young (2048K), 2 survivors (2048K)
 Metaspace       used 59077K, capacity 60449K, committed 60580K, reserved 1101824K
  class space    used 7403K, capacity 7934K, committed 8012K, reserved 1048576K
}
Event: 10.605 GC heap before
{Heap before GC invocations=13 (full 0):
 garbage-first heap   total 155648K, used 98109K [0x0000000080000000, 0x0000000100000000)
  region size 1024K, 47 young (48128K), 2 survivors (2048K)
 Metaspace       used 63252K, capacity 64724K, committed 64932K, reserved 1105920K
  class space    used 7913K, capacity 8435K, committed 8524K, reserved 1048576K
}
Event: 10.616 GC heap after
{Heap after GC invocations=14 (full 0):
 garbage-first heap   total 155648K, used 48701K [0x0000000080000000, 0x0000000100000000)
  region size 1024K, 5 young (5120K), 5 survivors (5120K)
 Metaspace       used 63252K, capacity 64724K, committed 64932K, reserved 1105920K
  class space    used 7913K, capacity 8435K, committed 8524K, reserved 1048576K
}
Event: 11.154 GC heap before
{Heap before GC invocations=15 (full 0):
 garbage-first heap   total 155648K, used 97853K [0x0000000080000000, 0x0000000100000000)
  region size 1024K, 52 young (53248K), 5 survivors (5120K)
 Metaspace       used 66142K, capacity 67569K, committed 67876K, reserved 1107968K
  class space    used 8304K, capacity 8840K, committed 8908K, reserved 1048576K
}
Event: 11.163 GC heap after
{Heap after GC invocations=16 (full 0):
 garbage-first heap   total 155648K, used 52471K [0x0000000080000000, 0x0000000100000000)
  region size 1024K, 4 young (4096K), 4 survivors (4096K)
 Metaspace       used 66142K, capacity 67569K, committed 67876K, reserved 1107968K
  class space    used 8304K, capacity 8840K, committed 8908K, reserved 1048576K
}
Event: 11.605 GC heap before
{Heap before GC invocations=16 (full 0):
 garbage-first heap   total 155648K, used 101623K [0x0000000080000000, 0x0000000100000000)
  region size 1024K, 52 young (53248K), 4 survivors (4096K)
 Metaspace       used 68237K, capacity 69816K, committed 70052K, reserved 1110016K
  class space    used 8559K, capacity 9162K, committed 9292K, reserved 1048576K
}
Event: 11.614 GC heap after
{Heap after GC invocations=17 (full 0):
 garbage-first heap   total 155648K, used 54904K [0x0000000080000000, 0x0000000100000000)
  region size 1024K, 7 young (7168K), 7 survivors (7168K)
 Metaspace       used 68237K, capacity 69816K, committed 70052K, reserved 1110016K
  class space    used 8559K, capacity 9162K, committed 9292K, reserved 1048576K
}

