# JRE version: OpenJDK Runtime Environment (11.0.13) (build 11.0.13+0-b1751.21-8125866)
# Java VM: OpenJDK 64-Bit Server VM (11.0.13+0-b1751.21-8125866, mixed mode, tiered, compressed oops, g1 gc, windows-amd64)
Heap:
 garbage-first heap   total 187392K, used 66626K [0x0000000080000000, 0x0000000100000000)
  region size 1024K, 24 young (24576K), 13 survivors (13312K)
 Metaspace       used 72340K, capacity 73852K, committed 74192K, reserved 1114112K
  class space    used 9267K, capacity 9881K, committed 9984K, reserved 1048576K
GC Heap History (20 events):
Event: 1.875 GC heap before
{Heap before GC invocations=1 (full 0):
 garbage-first heap   total 129024K, used 83209K [0x0000000080000000, 0x0000000100000000)
  region size 1024K, 75 young (76800K), 3 survivors (3072K)
 Metaspace       used 17498K, capacity 17907K, committed 18048K, reserved 1064960K
  class space    used 2035K, capacity 2145K, committed 2176K, reserved 1048576K
}
Event: 1.882 GC heap after
{Heap after GC invocations=2 (full 0):
 garbage-first heap   total 129024K, used 15963K [0x0000000080000000, 0x0000000100000000)
  region size 1024K, 10 young (10240K), 10 survivors (10240K)
 Metaspace       used 17498K, capacity 17907K, committed 18048K, reserved 1064960K
  class space    used 2035K, capacity 2145K, committed 2176K, reserved 1048576K
}
Event: 2.225 GC heap before
{Heap before GC invocations=2 (full 0):
 garbage-first heap   total 129024K, used 45659K [0x0000000080000000, 0x0000000100000000)
  region size 1024K, 40 young (40960K), 10 survivors (10240K)
 Metaspace       used 20786K, capacity 21189K, committed 21296K, reserved 1069056K
  class space    used 2526K, capacity 2688K, committed 2688K, reserved 1048576K
}
Event: 2.235 GC heap after
{Heap after GC invocations=3 (full 0):
 garbage-first heap   total 129024K, used 17389K [0x0000000080000000, 0x0000000100000000)
  region size 1024K, 2 young (2048K), 2 survivors (2048K)
 Metaspace       used 20786K, capacity 21189K, committed 21296K, reserved 1069056K
  class space    used 2526K, capacity 2688K, committed 2688K, reserved 1048576K
}
Event: 3.704 GC heap before
{Heap before GC invocations=4 (full 0):
 garbage-first heap   total 129024K, used 80877K [0x0000000080000000, 0x0000000100000000)
  region size 1024K, 64 young (65536K), 2 survivors (2048K)
 Metaspace       used 27171K, capacity 27789K, committed 27904K, reserved 1073152K
  class space    used 3531K, capacity 3768K, committed 3840K, reserved 1048576K
}
Event: 3.709 GC heap after
{Heap after GC invocations=5 (full 0):
 garbage-first heap   total 129024K, used 19424K [0x0000000080000000, 0x0000000100000000)
  region size 1024K, 4 young (4096K), 4 survivors (4096K)
 Metaspace       used 27171K, capacity 27789K, committed 27904K, reserved 1073152K
  class space    used 3531K, capacity 3768K, committed 3840K, reserved 1048576K
}
Event: 4.655 GC heap before
{Heap before GC invocations=5 (full 0):
 garbage-first heap   total 129024K, used 69600K [0x0000000080000000, 0x0000000100000000)
  region size 1024K, 54 young (55296K), 4 survivors (4096K)
 Metaspace       used 35149K, capacity 35929K, committed 36048K, reserved 1081344K
  class space    used 4505K, capacity 4804K, committed 4864K, reserved 1048576K
}
Event: 4.665 GC heap after
{Heap after GC invocations=6 (full 0):
 garbage-first heap   total 129024K, used 22594K [0x0000000080000000, 0x0000000100000000)
  region size 1024K, 7 young (7168K), 7 survivors (7168K)
 Metaspace       used 35149K, capacity 35929K, committed 36048K, reserved 1081344K
  class space    used 4505K, capacity 4804K, committed 4864K, reserved 1048576K
}
Event: 5.267 GC heap before
{Heap before GC invocations=7 (full 0):
 garbage-first heap   total 129024K, used 94274K [0x0000000080000000, 0x0000000100000000)
  region size 1024K, 75 young (76800K), 7 survivors (7168K)
 Metaspace       used 40631K, capacity 41577K, committed 41808K, reserved 1085440K
  class space    used 5124K, capacity 5485K, committed 5504K, reserved 1048576K
}
Event: 5.281 GC heap after
{Heap after GC invocations=8 (full 0):
 garbage-first heap   total 155648K, used 28038K [0x0000000080000000, 0x0000000100000000)
  region size 1024K, 9 young (9216K), 9 survivors (9216K)
 Metaspace       used 40631K, capacity 41577K, committed 41808K, reserved 1085440K
  class space    used 5124K, capacity 5485K, committed 5504K, reserved 1048576K
}
Event: 6.126 GC heap before
{Heap before GC invocations=8 (full 0):
 garbage-first heap   total 155648K, used 108934K [0x0000000080000000, 0x0000000100000000)
  region size 1024K, 87 young (89088K), 9 survivors (9216K)
 Metaspace       used 47506K, capacity 48709K, committed 48976K, reserved 1091584K
  class space    used 6040K, capacity 6493K, committed 6528K, reserved 1048576K
}
Event: 6.137 GC heap after
{Heap after GC invocations=9 (full 0):
 garbage-first heap   total 155648K, used 30575K [0x0000000080000000, 0x0000000100000000)
  region size 1024K, 8 young (8192K), 8 survivors (8192K)
 Metaspace       used 47506K, capacity 48709K, committed 48976K, reserved 1091584K
  class space    used 6040K, capacity 6493K, committed 6528K, reserved 1048576K
}
Event: 6.999 GC heap before
{Heap before GC invocations=9 (full 0):
 garbage-first heap   total 155648K, used 119663K [0x0000000080000000, 0x0000000100000000)
  region size 1024K, 91 young (93184K), 8 survivors (8192K)
 Metaspace       used 52561K, capacity 53976K, committed 54096K, reserved 1095680K
  class space    used 6658K, capacity 7188K, committed 7296K, reserved 1048576K
}
Event: 7.009 GC heap after
{Heap after GC invocations=10 (full 0):
 garbage-first heap   total 155648K, used 43232K [0x0000000080000000, 0x0000000100000000)
  region size 1024K, 12 young (12288K), 12 survivors (12288K)
 Metaspace       used 52561K, capacity 53976K, committed 54096K, reserved 1095680K
  class space    used 6658K, capacity 7188K, committed 7296K, reserved 1048576K
}
Event: 7.601 GC heap before
{Heap before GC invocations=10 (full 0):
 garbage-first heap   total 155648K, used 86240K [0x0000000080000000, 0x0000000100000000)
  region size 1024K, 55 young (56320K), 12 survivors (12288K)
 Metaspace       used 58969K, capacity 60387K, committed 60496K, reserved 1101824K
  class space    used 7408K, capacity 7956K, committed 8064K, reserved 1048576K
}
Event: 7.615 GC heap after
{Heap after GC invocations=11 (full 0):
 garbage-first heap   total 155648K, used 44572K [0x0000000080000000, 0x0000000100000000)
  region size 1024K, 3 young (3072K), 3 survivors (3072K)
 Metaspace       used 58969K, capacity 60387K, committed 60496K, reserved 1101824K
  class space    used 7408K, capacity 7956K, committed 8064K, reserved 1048576K
}
Event: 8.357 GC heap before
{Heap before GC invocations=12 (full 0):
 garbage-first heap   total 155648K, used 126492K [0x0000000080000000, 0x0000000100000000)
  region size 1024K, 77 young (78848K), 3 survivors (3072K)
 Metaspace       used 65339K, capacity 66845K, committed 67152K, reserved 1107968K
  class space    used 8206K, capacity 8776K, committed 8832K, reserved 1048576K
}
Event: 8.365 GC heap after
{Heap after GC invocations=13 (full 0):
 garbage-first heap   total 187392K, used 50605K [0x0000000080000000, 0x0000000100000000)
  region size 1024K, 9 young (9216K), 9 survivors (9216K)
 Metaspace       used 65339K, capacity 66845K, committed 67152K, reserved 1107968K
  class space    used 8206K, capacity 8776K, committed 8832K, reserved 1048576K
}
Event: 9.225 GC heap before
{Heap before GC invocations=14 (full 0):
 garbage-first heap   total 187392K, used 142765K [0x0000000080000000, 0x0000000100000000)
  region size 1024K, 98 young (100352K), 9 survivors (9216K)
 Metaspace       used 71261K, capacity 72790K, committed 73040K, reserved 1112064K
  class space    used 9134K, capacity 9746K, committed 9856K, reserved 1048576K
}
Event: 9.236 GC heap after
{Heap after GC invocations=15 (full 0):
 garbage-first heap   total 187392K, used 56386K [0x0000000080000000, 0x0000000100000000)
  region size 1024K, 13 young (13312K), 13 survivors (13312K)
 Metaspace       used 71261K, capacity 72790K, committed 73040K, reserved 1112064K
  class space    used 9134K, capacity 9746K, committed 9856K, reserved 1048576K
}

